Using pre-set license
Built from '2020.2/staging' branch; Version is '2020.2.3f1 (8ff31bc5bf5b) revision 9433883'; Using compiler version '192528614'; Build Type 'Release'
OS: 'Windows 10 Home; OS build 19041.804; Version 2004; 64bit' Language: 'en' Physical Memory: 16269 MB
BatchMode: 1, IsHumanControllingUs: 0, StartBugReporterOnCrash: 0, Is64bit: 1, IsPro: 0

 COMMAND LINE ARGUMENTS:
C:\Program Files\Unity\Hub\Editor\2020.2.3f1\Editor\Unity.exe
-adb2
-batchMode
-noUpm
-name
AssetImportWorker0
-projectPath
C:/Users/George Tang/Documents/GitHub/Assignment-4/Assignment 5
-logFile
Logs/AssetImportWorker0.log
-srvPort
59208
Successfully changed project path to: C:/Users/George Tang/Documents/GitHub/Assignment-4/Assignment 5
C:/Users/George Tang/Documents/GitHub/Assignment-4/Assignment 5
Using Asset Import Pipeline V2.
Refreshing native plugins compatible for Editor in 39.50 ms, found 0 plugins.
Preloading 0 native plugins for Editor in 0.00 ms.
Initialize engine version: 2020.2.3f1 (8ff31bc5bf5b)
[Subsystems] Discovering subsystems at path C:/Program Files/Unity/Hub/Editor/2020.2.3f1/Editor/Data/Resources/UnitySubsystems
[Subsystems] Discovering subsystems at path C:/Users/George Tang/Documents/GitHub/Assignment-4/Assignment 5/Assets
GfxDevice: creating device client; threaded=0
Direct3D:
    Version:  Direct3D 11.0 [level 11.1]
    Renderer: NVIDIA GeForce GTX 1070 (ID=0x1ba1)
    Vendor:   
    VRAM:     8081 MB
    Driver:   27.21.14.6140
Initialize mono
Mono path[0] = 'C:/Program Files/Unity/Hub/Editor/2020.2.3f1/Editor/Data/Managed'
Mono path[1] = 'C:/Program Files/Unity/Hub/Editor/2020.2.3f1/Editor/Data/MonoBleedingEdge/lib/mono/unityjit'
Mono config path = 'C:/Program Files/Unity/Hub/Editor/2020.2.3f1/Editor/Data/MonoBleedingEdge/etc'
Using monoOptions --debugger-agent=transport=dt_socket,embedding=1,server=y,suspend=n,address=127.0.0.1:56240
Begin MonoManager ReloadAssembly
Registering precompiled unity dll's ...
Register platform support module: C:/Program Files/Unity/Hub/Editor/2020.2.3f1/Editor/Data/PlaybackEngines/WebGLSupport/UnityEditor.WebGL.Extensions.dll
Register platform support module: C:/Program Files/Unity/Hub/Editor/2020.2.3f1/Editor/Data/PlaybackEngines/WindowsStandaloneSupport/UnityEditor.WindowsStandalone.Extensions.dll
Registered in 0.004212 seconds.
Native extension for WindowsStandalone target not found
Native extension for WebGL target not found
Refreshing native plugins compatible for Editor in 48.55 ms, found 0 plugins.
Preloading 0 native plugins for Editor in 0.00 ms.
Invoked RoslynAnalysisRunner static constructor.
RoslynAnalysisRunner will not be running.
RoslynAnalysisRunner has terminated.
Mono: successfully reloaded assembly
- Completed reload, in  2.355 seconds
Platform modules already initialized, skipping
Registering precompiled user dll's ...
Registered in 0.001876 seconds.
Begin MonoManager ReloadAssembly
Native extension for WindowsStandalone target not found
Native extension for WebGL target not found
Refreshing native plugins compatible for Editor in 0.28 ms, found 0 plugins.
Preloading 0 native plugins for Editor in 0.00 ms.
Invoked RoslynAnalysisRunner static constructor.
RoslynAnalysisRunner will not be running.
RoslynAnalysisRunner has terminated.
Mono: successfully reloaded assembly
- Completed reload, in  1.821 seconds
Platform modules already initialized, skipping
========================================================================
Worker process is ready to serve import requests
Launched and connected shader compiler UnityShaderCompiler.exe after 0.07 seconds
Refreshing native plugins compatible for Editor in 0.22 ms, found 0 plugins.
Preloading 0 native plugins for Editor in 0.00 ms.
Unloading 1100 Unused Serialized files (Serialized files now loaded: 0)
System memory in use before: 56.5 MB.
System memory in use after: 56.6 MB.

Unloading 10 unused Assets to reduce memory usage. Loaded Objects now: 1541.
Total: 2.088800 ms (FindLiveObjects: 0.164700 ms CreateObjectMapping: 0.056700 ms MarkObjects: 1.774600 ms  DeleteObjects: 0.091100 ms)

========================================================================
Received Import Request.
  path: Assets/Beverages.cs
  artifactKey: Guid(089b7a796a3fa16478006c081e77eacb) Importer(815301076,1909f56bfc062723c751e8b465ee728b)
Start importing Assets/Beverages.cs using Guid(089b7a796a3fa16478006c081e77eacb) Importer(815301076,1909f56bfc062723c751e8b465ee728b)  -> (artifact id: '1b36627fe98894b10875ac587964ca28') in 0.032663 seconds
  Import took 0.035005 seconds .

========================================================================
Received Prepare
Registering precompiled user dll's ...
Registered in 0.000921 seconds.
Begin MonoManager ReloadAssembly
Native extension for WindowsStandalone target not found
Native extension for WebGL target not found
Refreshing native plugins compatible for Editor in 0.31 ms, found 0 plugins.
Preloading 0 native plugins for Editor in 0.00 ms.
Invoked RoslynAnalysisRunner static constructor.
RoslynAnalysisRunner will not be running.
RoslynAnalysisRunner has terminated.
Mono: successfully reloaded assembly
- Completed reload, in  1.783 seconds
Platform modules already initialized, skipping
Refreshing native plugins compatible for Editor in 0.37 ms, found 0 plugins.
Preloading 0 native plugins for Editor in 0.00 ms.
Unloading 1095 Unused Serialized files (Serialized files now loaded: 0)
System memory in use before: 56.5 MB.
System memory in use after: 56.6 MB.

Unloading 5 unused Assets to reduce memory usage. Loaded Objects now: 1543.
Total: 2.766000 ms (FindLiveObjects: 0.221600 ms CreateObjectMapping: 0.069500 ms MarkObjects: 2.386200 ms  DeleteObjects: 0.086700 ms)

========================================================================
Received Import Request.
  Time since last request: 7.510740 seconds.
  path: Assets
  artifactKey: Guid(00000000000000001000000000000000) Importer(815301076,1909f56bfc062723c751e8b465ee728b)
Start importing Assets using Guid(00000000000000001000000000000000) Importer(815301076,1909f56bfc062723c751e8b465ee728b)  -> (artifact id: '653ce283d384579a24208b2e4d727c2a') in 0.007395 seconds
  Import took 0.010033 seconds .

========================================================================
Received Import Request.
  Time since last request: 0.010784 seconds.
  path: Assets
  artifactKey: Guid(00000000000000001000000000000000) Importer(815301076,1909f56bfc062723c751e8b465ee728b)
Start importing Assets using Guid(00000000000000001000000000000000) Importer(815301076,1909f56bfc062723c751e8b465ee728b)  -> (artifact id: '653ce283d384579a24208b2e4d727c2a') in 0.005001 seconds
  Import took 0.008190 seconds .

========================================================================
Received Import Request.
  Time since last request: 7.873398 seconds.
  path: Assets/Scripts
  artifactKey: Guid(21f52a648c07f4b46bd0290721280ed7) Importer(815301076,1909f56bfc062723c751e8b465ee728b)
Start importing Assets/Scripts using Guid(21f52a648c07f4b46bd0290721280ed7) Importer(815301076,1909f56bfc062723c751e8b465ee728b)  -> (artifact id: '3d389e31cc5596eb487fa1c255564d9b') in 0.006098 seconds
  Import took 0.009781 seconds .

========================================================================
Received Prepare
Registering precompiled user dll's ...
Registered in 0.001031 seconds.
Begin MonoManager ReloadAssembly
Native extension for WindowsStandalone target not found
Native extension for WebGL target not found
Refreshing native plugins compatible for Editor in 0.24 ms, found 0 plugins.
Preloading 0 native plugins for Editor in 0.00 ms.
Invoked RoslynAnalysisRunner static constructor.
RoslynAnalysisRunner will not be running.
RoslynAnalysisRunner has terminated.
Mono: successfully reloaded assembly
- Completed reload, in  1.235 seconds
Platform modules already initialized, skipping
Refreshing native plugins compatible for Editor in 0.23 ms, found 0 plugins.
Preloading 0 native plugins for Editor in 0.00 ms.
Unloading 1095 Unused Serialized files (Serialized files now loaded: 0)
System memory in use before: 56.5 MB.
System memory in use after: 56.6 MB.

Unloading 5 unused Assets to reduce memory usage. Loaded Objects now: 1545.
Total: 1.962700 ms (FindLiveObjects: 0.138200 ms CreateObjectMapping: 0.041100 ms MarkObjects: 1.723100 ms  DeleteObjects: 0.058700 ms)

========================================================================
Received Prepare
Registering precompiled user dll's ...
Registered in 0.001312 seconds.
Begin MonoManager ReloadAssembly
Native extension for WindowsStandalone target not found
Native extension for WebGL target not found
Refreshing native plugins compatible for Editor in 0.41 ms, found 0 plugins.
Preloading 0 native plugins for Editor in 0.00 ms.
Invoked RoslynAnalysisRunner static constructor.
RoslynAnalysisRunner will not be running.
RoslynAnalysisRunner has terminated.
Mono: successfully reloaded assembly
- Completed reload, in  1.118 seconds
Platform modules already initialized, skipping
Refreshing native plugins compatible for Editor in 0.43 ms, found 0 plugins.
Preloading 0 native plugins for Editor in 0.00 ms.
Unloading 1096 Unused Serialized files (Serialized files now loaded: 0)
System memory in use before: 56.5 MB.
System memory in use after: 56.6 MB.

Unloading 5 unused Assets to reduce memory usage. Loaded Objects now: 1548.
Total: 4.201500 ms (FindLiveObjects: 0.171000 ms CreateObjectMapping: 0.046100 ms MarkObjects: 3.910600 ms  DeleteObjects: 0.071900 ms)

========================================================================
Received Import Request.
  Time since last request: 808.053408 seconds.
  path: Assets/Scripts/Beverages.cs
  artifactKey: Guid(089b7a796a3fa16478006c081e77eacb) Importer(815301076,1909f56bfc062723c751e8b465ee728b)
Start importing Assets/Scripts/Beverages.cs using Guid(089b7a796a3fa16478006c081e77eacb) Importer(815301076,1909f56bfc062723c751e8b465ee728b)  -> (artifact id: '1d6b9170395f3555848f4c65d75292cc') in 0.008080 seconds
  Import took 0.012418 seconds .

========================================================================
Received Import Request.
  Time since last request: 11.759531 seconds.
  path: Assets/Scripts/CameraFollow.cs
  artifactKey: Guid(f0cda2536c8509440885796b81864769) Importer(815301076,1909f56bfc062723c751e8b465ee728b)
Start importing Assets/Scripts/CameraFollow.cs using Guid(f0cda2536c8509440885796b81864769) Importer(815301076,1909f56bfc062723c751e8b465ee728b)  -> (artifact id: '681354f37298c3468d49514c833d7847') in 0.013887 seconds
  Import took 0.017424 seconds .

========================================================================
Received Prepare
Registering precompiled user dll's ...
Registered in 0.000887 seconds.
Begin MonoManager ReloadAssembly
Native extension for WindowsStandalone target not found
Native extension for WebGL target not found
Refreshing native plugins compatible for Editor in 1.03 ms, found 0 plugins.
Preloading 0 native plugins for Editor in 0.00 ms.
Invoked RoslynAnalysisRunner static constructor.
RoslynAnalysisRunner will not be running.
RoslynAnalysisRunner has terminated.
Mono: successfully reloaded assembly
- Completed reload, in  1.065 seconds
Platform modules already initialized, skipping
Refreshing native plugins compatible for Editor in 0.21 ms, found 0 plugins.
Preloading 0 native plugins for Editor in 0.00 ms.
Unloading 1097 Unused Serialized files (Serialized files now loaded: 0)
System memory in use before: 56.6 MB.
System memory in use after: 56.6 MB.

Unloading 5 unused Assets to reduce memory usage. Loaded Objects now: 1551.
Total: 1.925200 ms (FindLiveObjects: 0.135500 ms CreateObjectMapping: 0.039000 ms MarkObjects: 1.646500 ms  DeleteObjects: 0.102900 ms)

========================================================================
Received Prepare
Registering precompiled user dll's ...
Registered in 0.000859 seconds.
Begin MonoManager ReloadAssembly
Native extension for WindowsStandalone target not found
Native extension for WebGL target not found
Refreshing native plugins compatible for Editor in 0.31 ms, found 0 plugins.
Preloading 0 native plugins for Editor in 0.00 ms.
Invoked RoslynAnalysisRunner static constructor.
RoslynAnalysisRunner will not be running.
RoslynAnalysisRunner has terminated.
Mono: successfully reloaded assembly
- Completed reload, in  1.096 seconds
Platform modules already initialized, skipping
Refreshing native plugins compatible for Editor in 0.32 ms, found 0 plugins.
Preloading 0 native plugins for Editor in 0.00 ms.
Unloading 1102 Unused Serialized files (Serialized files now loaded: 0)
System memory in use before: 56.7 MB.
System memory in use after: 56.8 MB.

Unloading 5 unused Assets to reduce memory usage. Loaded Objects now: 1558.
Total: 2.212000 ms (FindLiveObjects: 0.271500 ms CreateObjectMapping: 0.081200 ms MarkObjects: 1.799500 ms  DeleteObjects: 0.057200 ms)

========================================================================
Received Import Request.
  Time since last request: 2136.330662 seconds.
  path: Assets/Scripts/CameraFollow.cs
  artifactKey: Guid(f0cda2536c8509440885796b81864769) Importer(815301076,1909f56bfc062723c751e8b465ee728b)
Start importing Assets/Scripts/CameraFollow.cs using Guid(f0cda2536c8509440885796b81864769) Importer(815301076,1909f56bfc062723c751e8b465ee728b)  -> (artifact id: '4abf6b96c85382f69f43eaddc25273c3') in 0.010148 seconds
  Import took 0.013112 seconds .

========================================================================
Received Prepare
Registering precompiled user dll's ...
Registered in 0.000772 seconds.
Begin MonoManager ReloadAssembly
Native extension for WindowsStandalone target not found
Native extension for WebGL target not found
Refreshing native plugins compatible for Editor in 0.22 ms, found 0 plugins.
Preloading 0 native plugins for Editor in 0.00 ms.
Invoked RoslynAnalysisRunner static constructor.
RoslynAnalysisRunner will not be running.
RoslynAnalysisRunner has terminated.
Mono: successfully reloaded assembly
- Completed reload, in  1.093 seconds
Platform modules already initialized, skipping
Refreshing native plugins compatible for Editor in 0.23 ms, found 0 plugins.
Preloading 0 native plugins for Editor in 0.00 ms.
Unloading 1103 Unused Serialized files (Serialized files now loaded: 0)
System memory in use before: 56.7 MB.
System memory in use after: 56.8 MB.

Unloading 5 unused Assets to reduce memory usage. Loaded Objects now: 1561.
Total: 2.159100 ms (FindLiveObjects: 0.254500 ms CreateObjectMapping: 0.041300 ms MarkObjects: 1.750600 ms  DeleteObjects: 0.110000 ms)

========================================================================
Received Prepare
Registering precompiled user dll's ...
Registered in 0.000830 seconds.
Begin MonoManager ReloadAssembly
Native extension for WindowsStandalone target not found
Native extension for WebGL target not found
Refreshing native plugins compatible for Editor in 0.20 ms, found 0 plugins.
Preloading 0 native plugins for Editor in 0.00 ms.
Invoked RoslynAnalysisRunner static constructor.
RoslynAnalysisRunner will not be running.
RoslynAnalysisRunner has terminated.
Mono: successfully reloaded assembly
- Completed reload, in  0.949 seconds
Platform modules already initialized, skipping
Refreshing native plugins compatible for Editor in 0.19 ms, found 0 plugins.
Preloading 0 native plugins for Editor in 0.00 ms.
Unloading 1102 Unused Serialized files (Serialized files now loaded: 0)
System memory in use before: 56.7 MB.
System memory in use after: 56.8 MB.

Unloading 6 unused Assets to reduce memory usage. Loaded Objects now: 1562.
Total: 2.138200 ms (FindLiveObjects: 0.177500 ms CreateObjectMapping: 0.038100 ms MarkObjects: 1.794600 ms  DeleteObjects: 0.126800 ms)

========================================================================
Received Prepare
Registering precompiled user dll's ...
Registered in 0.000961 seconds.
Begin MonoManager ReloadAssembly
Native extension for WindowsStandalone target not found
Native extension for WebGL target not found
Refreshing native plugins compatible for Editor in 0.23 ms, found 0 plugins.
Preloading 0 native plugins for Editor in 0.00 ms.
Invoked RoslynAnalysisRunner static constructor.
RoslynAnalysisRunner will not be running.
RoslynAnalysisRunner has terminated.
Mono: successfully reloaded assembly
- Completed reload, in  1.022 seconds
Platform modules already initialized, skipping
Refreshing native plugins compatible for Editor in 0.19 ms, found 0 plugins.
Preloading 0 native plugins for Editor in 0.00 ms.
Unloading 1102 Unused Serialized files (Serialized files now loaded: 0)
System memory in use before: 56.7 MB.
System memory in use after: 56.8 MB.

Unloading 5 unused Assets to reduce memory usage. Loaded Objects now: 1564.
Total: 1.948000 ms (FindLiveObjects: 0.199600 ms CreateObjectMapping: 0.036100 ms MarkObjects: 1.626200 ms  DeleteObjects: 0.084600 ms)

========================================================================
Received Import Request.
  Time since last request: 242.538627 seconds.
  path: Assets/Scripts/CameraFollow.cs
  artifactKey: Guid(68875ce8b1b3cd84088d5a4e9071e243) Importer(815301076,1909f56bfc062723c751e8b465ee728b)
Start importing Assets/Scripts/CameraFollow.cs using Guid(68875ce8b1b3cd84088d5a4e9071e243) Importer(815301076,1909f56bfc062723c751e8b465ee728b)  -> (artifact id: 'a094831f32523bc1b03b321e1b318c10') in 0.007297 seconds
  Import took 0.009933 seconds .

========================================================================
Received Prepare
Registering precompiled user dll's ...
Registered in 0.001653 seconds.
Begin MonoManager ReloadAssembly
Native extension for WindowsStandalone target not found
Native extension for WebGL target not found
Refreshing native plugins compatible for Editor in 0.20 ms, found 0 plugins.
Preloading 0 native plugins for Editor in 0.00 ms.
Invoked RoslynAnalysisRunner static constructor.
RoslynAnalysisRunner will not be running.
RoslynAnalysisRunner has terminated.
Mono: successfully reloaded assembly
- Completed reload, in  0.954 seconds
Platform modules already initialized, skipping
Refreshing native plugins compatible for Editor in 0.25 ms, found 0 plugins.
Preloading 0 native plugins for Editor in 0.00 ms.
Unloading 1101 Unused Serialized files (Serialized files now loaded: 0)
System memory in use before: 56.7 MB.
System memory in use after: 56.8 MB.

Unloading 6 unused Assets to reduce memory usage. Loaded Objects now: 1565.
Total: 2.094200 ms (FindLiveObjects: 0.454000 ms CreateObjectMapping: 0.083800 ms MarkObjects: 1.488800 ms  DeleteObjects: 0.065000 ms)

========================================================================
Received Import Request.
  Time since last request: 47.762457 seconds.
  path: Assets/Scripts/CamerFollow.cs
  artifactKey: Guid(e1c8b5ece2615b04c9281c17d538b150) Importer(815301076,1909f56bfc062723c751e8b465ee728b)
Start importing Assets/Scripts/CamerFollow.cs using Guid(e1c8b5ece2615b04c9281c17d538b150) Importer(815301076,1909f56bfc062723c751e8b465ee728b)  -> (artifact id: 'c0a1a37106c15a1a6a3ff1f4952679c4') in 0.019384 seconds
  Import took 0.025785 seconds .

========================================================================
Received Prepare
Registering precompiled user dll's ...
Registered in 0.000926 seconds.
Begin MonoManager ReloadAssembly
Native extension for WindowsStandalone target not found
Native extension for WebGL target not found
Refreshing native plugins compatible for Editor in 0.24 ms, found 0 plugins.
Preloading 0 native plugins for Editor in 0.00 ms.
Invoked RoslynAnalysisRunner static constructor.
RoslynAnalysisRunner will not be running.
RoslynAnalysisRunner has terminated.
Mono: successfully reloaded assembly
- Completed reload, in  1.103 seconds
Platform modules already initialized, skipping
Refreshing native plugins compatible for Editor in 0.25 ms, found 0 plugins.
Preloading 0 native plugins for Editor in 0.00 ms.
Unloading 1102 Unused Serialized files (Serialized files now loaded: 0)
System memory in use before: 56.7 MB.
System memory in use after: 56.8 MB.

Unloading 5 unused Assets to reduce memory usage. Loaded Objects now: 1568.
Total: 3.010300 ms (FindLiveObjects: 0.364800 ms CreateObjectMapping: 0.100100 ms MarkObjects: 2.472300 ms  DeleteObjects: 0.070900 ms)

========================================================================
Received Prepare
Registering precompiled user dll's ...
Registered in 0.001283 seconds.
Begin MonoManager ReloadAssembly
Native extension for WindowsStandalone target not found
Native extension for WebGL target not found
Refreshing native plugins compatible for Editor in 0.19 ms, found 0 plugins.
Preloading 0 native plugins for Editor in 0.00 ms.
Invoked RoslynAnalysisRunner static constructor.
RoslynAnalysisRunner will not be running.
RoslynAnalysisRunner has terminated.
Mono: successfully reloaded assembly
- Completed reload, in  0.889 seconds
Platform modules already initialized, skipping
Refreshing native plugins compatible for Editor in 0.27 ms, found 0 plugins.
Preloading 0 native plugins for Editor in 0.00 ms.
Unloading 1102 Unused Serialized files (Serialized files now loaded: 0)
System memory in use before: 56.7 MB.
System memory in use after: 56.8 MB.

Unloading 5 unused Assets to reduce memory usage. Loaded Objects now: 1570.
Total: 2.901400 ms (FindLiveObjects: 0.199600 ms CreateObjectMapping: 0.054500 ms MarkObjects: 2.558500 ms  DeleteObjects: 0.086300 ms)

========================================================================
Received Import Request.
  Time since last request: 56.740503 seconds.
  path: Assets/Scripts/CamerFollow.cs
  artifactKey: Guid(e1c8b5ece2615b04c9281c17d538b150) Importer(815301076,1909f56bfc062723c751e8b465ee728b)
Start importing Assets/Scripts/CamerFollow.cs using Guid(e1c8b5ece2615b04c9281c17d538b150) Importer(815301076,1909f56bfc062723c751e8b465ee728b)  -> (artifact id: '6bea5f4ee9a31b448834964acc9fd1f6') in 0.008061 seconds
  Import took 0.010947 seconds .

========================================================================
Received Prepare
Registering precompiled user dll's ...
Registered in 0.000881 seconds.
Begin MonoManager ReloadAssembly
Native extension for WindowsStandalone target not found
Native extension for WebGL target not found
Refreshing native plugins compatible for Editor in 0.41 ms, found 0 plugins.
Preloading 0 native plugins for Editor in 0.00 ms.
Invoked RoslynAnalysisRunner static constructor.
RoslynAnalysisRunner will not be running.
RoslynAnalysisRunner has terminated.
Mono: successfully reloaded assembly
- Completed reload, in  0.927 seconds
Platform modules already initialized, skipping
Refreshing native plugins compatible for Editor in 0.27 ms, found 0 plugins.
Preloading 0 native plugins for Editor in 0.00 ms.
Unloading 1102 Unused Serialized files (Serialized files now loaded: 0)
System memory in use before: 56.7 MB.
System memory in use after: 56.8 MB.

Unloading 5 unused Assets to reduce memory usage. Loaded Objects now: 1572.
Total: 2.216100 ms (FindLiveObjects: 0.186300 ms CreateObjectMapping: 0.039300 ms MarkObjects: 1.925800 ms  DeleteObjects: 0.063100 ms)

========================================================================
Received Import Request.
  Time since last request: 21.017928 seconds.
  path: Assets/Scripts/CameraFollow.cs
  artifactKey: Guid(e1c8b5ece2615b04c9281c17d538b150) Importer(815301076,1909f56bfc062723c751e8b465ee728b)
Start importing Assets/Scripts/CameraFollow.cs using Guid(e1c8b5ece2615b04c9281c17d538b150) Importer(815301076,1909f56bfc062723c751e8b465ee728b)  -> (artifact id: '54c530fbc57b115bd9e0312d2cff727f') in 0.006619 seconds
  Import took 0.009249 seconds .

========================================================================
Received Prepare
Registering precompiled user dll's ...
Registered in 0.000926 seconds.
Begin MonoManager ReloadAssembly
Native extension for WindowsStandalone target not found
Native extension for WebGL target not found
Refreshing native plugins compatible for Editor in 0.21 ms, found 0 plugins.
Preloading 0 native plugins for Editor in 0.00 ms.
Invoked RoslynAnalysisRunner static constructor.
RoslynAnalysisRunner will not be running.
RoslynAnalysisRunner has terminated.
Mono: successfully reloaded assembly
- Completed reload, in  1.037 seconds
Platform modules already initialized, skipping
Refreshing native plugins compatible for Editor in 0.23 ms, found 0 plugins.
Preloading 0 native plugins for Editor in 0.00 ms.
Unloading 1102 Unused Serialized files (Serialized files now loaded: 0)
System memory in use before: 56.7 MB.
System memory in use after: 56.8 MB.

Unloading 5 unused Assets to reduce memory usage. Loaded Objects now: 1574.
Total: 2.283800 ms (FindLiveObjects: 0.238800 ms CreateObjectMapping: 0.092300 ms MarkObjects: 1.894300 ms  DeleteObjects: 0.056400 ms)

========================================================================
Received Import Request.
  Time since last request: 61.743714 seconds.
  path: Assets/Scripts/CameraFollow.cs
  artifactKey: Guid(e1c8b5ece2615b04c9281c17d538b150) Importer(815301076,1909f56bfc062723c751e8b465ee728b)
Start importing Assets/Scripts/CameraFollow.cs using Guid(e1c8b5ece2615b04c9281c17d538b150) Importer(815301076,1909f56bfc062723c751e8b465ee728b)  -> (artifact id: '2fc4a6ccc4534d9d4bee00bbd24f3e63') in 0.006914 seconds
  Import took 0.009205 seconds .

========================================================================
Received Prepare
Registering precompiled user dll's ...
Registered in 0.001040 seconds.
Begin MonoManager ReloadAssembly
Native extension for WindowsStandalone target not found
Native extension for WebGL target not found
Refreshing native plugins compatible for Editor in 0.20 ms, found 0 plugins.
Preloading 0 native plugins for Editor in 0.00 ms.
Invoked RoslynAnalysisRunner static constructor.
RoslynAnalysisRunner will not be running.
RoslynAnalysisRunner has terminated.
Mono: successfully reloaded assembly
- Completed reload, in  0.958 seconds
Platform modules already initialized, skipping
Refreshing native plugins compatible for Editor in 0.39 ms, found 0 plugins.
Preloading 0 native plugins for Editor in 0.00 ms.
Unloading 1102 Unused Serialized files (Serialized files now loaded: 0)
System memory in use before: 56.7 MB.
System memory in use after: 56.8 MB.

Unloading 5 unused Assets to reduce memory usage. Loaded Objects now: 1576.
Total: 3.828800 ms (FindLiveObjects: 0.402500 ms CreateObjectMapping: 0.044900 ms MarkObjects: 3.311400 ms  DeleteObjects: 0.066200 ms)

========================================================================
Received Prepare
Registering precompiled user dll's ...
Registered in 0.001231 seconds.
Begin MonoManager ReloadAssembly
Native extension for WindowsStandalone target not found
Native extension for WebGL target not found
Refreshing native plugins compatible for Editor in 0.19 ms, found 0 plugins.
Preloading 0 native plugins for Editor in 0.00 ms.
Invoked RoslynAnalysisRunner static constructor.
RoslynAnalysisRunner will not be running.
RoslynAnalysisRunner has terminated.
Mono: successfully reloaded assembly
- Completed reload, in  0.910 seconds
Platform modules already initialized, skipping
Refreshing native plugins compatible for Editor in 0.19 ms, found 0 plugins.
Preloading 0 native plugins for Editor in 0.00 ms.
Unloading 1102 Unused Serialized files (Serialized files now loaded: 0)
System memory in use before: 56.7 MB.
System memory in use after: 56.8 MB.

Unloading 5 unused Assets to reduce memory usage. Loaded Objects now: 1578.
Total: 1.839400 ms (FindLiveObjects: 0.151800 ms CreateObjectMapping: 0.043200 ms MarkObjects: 1.541500 ms  DeleteObjects: 0.101700 ms)

========================================================================
Received Prepare
Registering precompiled user dll's ...
Registered in 0.002007 seconds.
Begin MonoManager ReloadAssembly
Native extension for WindowsStandalone target not found
Native extension for WebGL target not found
Refreshing native plugins compatible for Editor in 0.30 ms, found 0 plugins.
Preloading 0 native plugins for Editor in 0.00 ms.
Invoked RoslynAnalysisRunner static constructor.
RoslynAnalysisRunner will not be running.
RoslynAnalysisRunner has terminated.
Mono: successfully reloaded assembly
- Completed reload, in  1.198 seconds
Platform modules already initialized, skipping
Refreshing native plugins compatible for Editor in 0.32 ms, found 0 plugins.
Preloading 0 native plugins for Editor in 0.00 ms.
Unloading 1102 Unused Serialized files (Serialized files now loaded: 0)
System memory in use before: 56.8 MB.
System memory in use after: 56.9 MB.

Unloading 5 unused Assets to reduce memory usage. Loaded Objects now: 1580.
Total: 3.073400 ms (FindLiveObjects: 0.246300 ms CreateObjectMapping: 0.049500 ms MarkObjects: 2.712300 ms  DeleteObjects: 0.062900 ms)

========================================================================
Received Import Request.
  Time since last request: 510.086352 seconds.
  path: Assets/Scripts/Vehicles.cs
  artifactKey: Guid(089b7a796a3fa16478006c081e77eacb) Importer(815301076,1909f56bfc062723c751e8b465ee728b)
Start importing Assets/Scripts/Vehicles.cs using Guid(089b7a796a3fa16478006c081e77eacb) Importer(815301076,1909f56bfc062723c751e8b465ee728b)  -> (artifact id: 'da7362282d25a6db8b854410be6ba530') in 0.019563 seconds
  Import took 0.023000 seconds .

========================================================================
Received Import Request.
  Time since last request: 0.000615 seconds.
  path: Assets/Scripts/Vehicles.cs
  artifactKey: Guid(089b7a796a3fa16478006c081e77eacb) Importer(815301076,1909f56bfc062723c751e8b465ee728b)
Start importing Assets/Scripts/Vehicles.cs using Guid(089b7a796a3fa16478006c081e77eacb) Importer(815301076,1909f56bfc062723c751e8b465ee728b)  -> (artifact id: 'da7362282d25a6db8b854410be6ba530') in 0.013672 seconds
  Import took 0.016897 seconds .

========================================================================
Received Import Request.
  Time since last request: 12.604220 seconds.
  path: Assets/Scripts/Player.cs
  artifactKey: Guid(cb8c47c81c994f14c8a988cab73fb4e6) Importer(815301076,1909f56bfc062723c751e8b465ee728b)
Start importing Assets/Scripts/Player.cs using Guid(cb8c47c81c994f14c8a988cab73fb4e6) Importer(815301076,1909f56bfc062723c751e8b465ee728b)  -> (artifact id: '82771d6acf8c09628c43a3e9efff794b') in 0.023106 seconds
  Import took 0.027355 seconds .

========================================================================
Received Import Request.
  Time since last request: 0.000541 seconds.
  path: Assets/Scripts/Player.cs
  artifactKey: Guid(cb8c47c81c994f14c8a988cab73fb4e6) Importer(815301076,1909f56bfc062723c751e8b465ee728b)
Start importing Assets/Scripts/Player.cs using Guid(cb8c47c81c994f14c8a988cab73fb4e6) Importer(815301076,1909f56bfc062723c751e8b465ee728b)  -> (artifact id: '82771d6acf8c09628c43a3e9efff794b') in 0.035423 seconds
  Import took 0.045052 seconds .

========================================================================
Received Prepare
Registering precompiled user dll's ...
Registered in 0.000782 seconds.
Begin MonoManager ReloadAssembly
Native extension for WindowsStandalone target not found
Native extension for WebGL target not found
Refreshing native plugins compatible for Editor in 0.19 ms, found 0 plugins.
Preloading 0 native plugins for Editor in 0.00 ms.
Invoked RoslynAnalysisRunner static constructor.
RoslynAnalysisRunner will not be running.
RoslynAnalysisRunner has terminated.
Mono: successfully reloaded assembly
- Completed reload, in  0.980 seconds
Platform modules already initialized, skipping
Refreshing native plugins compatible for Editor in 0.19 ms, found 0 plugins.
Preloading 0 native plugins for Editor in 0.00 ms.
Unloading 1103 Unused Serialized files (Serialized files now loaded: 0)
System memory in use before: 56.8 MB.
System memory in use after: 56.9 MB.

Unloading 5 unused Assets to reduce memory usage. Loaded Objects now: 1583.
Total: 1.877000 ms (FindLiveObjects: 0.148700 ms CreateObjectMapping: 0.040900 ms MarkObjects: 1.596900 ms  DeleteObjects: 0.089400 ms)

========================================================================
Received Import Request.
  Time since last request: 26.886599 seconds.
  path: Assets/Scripts/Player.cs
  artifactKey: Guid(cb8c47c81c994f14c8a988cab73fb4e6) Importer(815301076,1909f56bfc062723c751e8b465ee728b)
Start importing Assets/Scripts/Player.cs using Guid(cb8c47c81c994f14c8a988cab73fb4e6) Importer(815301076,1909f56bfc062723c751e8b465ee728b)  -> (artifact id: '597944f2da349ed0c879786394295690') in 0.011945 seconds
  Import took 0.016592 seconds .

========================================================================
Received Prepare
Registering precompiled user dll's ...
Registered in 0.000829 seconds.
Begin MonoManager ReloadAssembly
Native extension for WindowsStandalone target not found
Native extension for WebGL target not found
Refreshing native plugins compatible for Editor in 0.21 ms, found 0 plugins.
Preloading 0 native plugins for Editor in 0.00 ms.
Invoked RoslynAnalysisRunner static constructor.
RoslynAnalysisRunner will not be running.
RoslynAnalysisRunner has terminated.
Mono: successfully reloaded assembly
- Completed reload, in  1.047 seconds
Platform modules already initialized, skipping
Refreshing native plugins compatible for Editor in 0.22 ms, found 0 plugins.
Preloading 0 native plugins for Editor in 0.00 ms.
Unloading 1103 Unused Serialized files (Serialized files now loaded: 0)
System memory in use before: 56.8 MB.
System memory in use after: 56.9 MB.

Unloading 5 unused Assets to reduce memory usage. Loaded Objects now: 1585.
Total: 1.729200 ms (FindLiveObjects: 0.121100 ms CreateObjectMapping: 0.030300 ms MarkObjects: 1.526000 ms  DeleteObjects: 0.050500 ms)

========================================================================
Received Prepare
Registering precompiled user dll's ...
Registered in 0.001788 seconds.
Begin MonoManager ReloadAssembly
Native extension for WindowsStandalone target not found
Native extension for WebGL target not found
Refreshing native plugins compatible for Editor in 0.29 ms, found 0 plugins.
Preloading 0 native plugins for Editor in 0.00 ms.
Invoked RoslynAnalysisRunner static constructor.
RoslynAnalysisRunner will not be running.
RoslynAnalysisRunner has terminated.
Mono: successfully reloaded assembly
- Completed reload, in  0.937 seconds
Platform modules already initialized, skipping
Refreshing native plugins compatible for Editor in 0.48 ms, found 0 plugins.
Preloading 0 native plugins for Editor in 0.00 ms.
Unloading 1103 Unused Serialized files (Serialized files now loaded: 0)
System memory in use before: 56.8 MB.
System memory in use after: 56.9 MB.

Unloading 5 unused Assets to reduce memory usage. Loaded Objects now: 1587.
Total: 2.769100 ms (FindLiveObjects: 0.277100 ms CreateObjectMapping: 0.142100 ms MarkObjects: 2.248100 ms  DeleteObjects: 0.098600 ms)

========================================================================
Received Prepare
Registering precompiled user dll's ...
Registered in 0.000834 seconds.
Begin MonoManager ReloadAssembly
Native extension for WindowsStandalone target not found
Native extension for WebGL target not found
Refreshing native plugins compatible for Editor in 0.19 ms, found 0 plugins.
Preloading 0 native plugins for Editor in 0.00 ms.
Invoked RoslynAnalysisRunner static constructor.
RoslynAnalysisRunner will not be running.
RoslynAnalysisRunner has terminated.
Mono: successfully reloaded assembly
- Completed reload, in  0.910 seconds
Platform modules already initialized, skipping
Refreshing native plugins compatible for Editor in 0.19 ms, found 0 plugins.
Preloading 0 native plugins for Editor in 0.00 ms.
Unloading 1103 Unused Serialized files (Serialized files now loaded: 0)
System memory in use before: 56.8 MB.
System memory in use after: 56.9 MB.

Unloading 5 unused Assets to reduce memory usage. Loaded Objects now: 1589.
Total: 1.762200 ms (FindLiveObjects: 0.145300 ms CreateObjectMapping: 0.042100 ms MarkObjects: 1.480900 ms  DeleteObjects: 0.092300 ms)

========================================================================
Received Prepare
Registering precompiled user dll's ...
Registered in 0.000831 seconds.
Begin MonoManager ReloadAssembly
Native extension for WindowsStandalone target not found
Native extension for WebGL target not found
Refreshing native plugins compatible for Editor in 0.22 ms, found 0 plugins.
Preloading 0 native plugins for Editor in 0.00 ms.
Invoked RoslynAnalysisRunner static constructor.
RoslynAnalysisRunner will not be running.
RoslynAnalysisRunner has terminated.
Mono: successfully reloaded assembly
- Completed reload, in  0.856 seconds
Platform modules already initialized, skipping
Refreshing native plugins compatible for Editor in 0.29 ms, found 0 plugins.
Preloading 0 native plugins for Editor in 0.00 ms.
Unloading 1103 Unused Serialized files (Serialized files now loaded: 0)
System memory in use before: 56.8 MB.
System memory in use after: 56.9 MB.

Unloading 5 unused Assets to reduce memory usage. Loaded Objects now: 1591.
Total: 1.693400 ms (FindLiveObjects: 0.207100 ms CreateObjectMapping: 0.076700 ms MarkObjects: 1.358700 ms  DeleteObjects: 0.049800 ms)

========================================================================
Received Prepare
Registering precompiled user dll's ...
Registered in 0.001118 seconds.
Begin MonoManager ReloadAssembly
Native extension for WindowsStandalone target not found
Native extension for WebGL target not found
Refreshing native plugins compatible for Editor in 0.22 ms, found 0 plugins.
Preloading 0 native plugins for Editor in 0.00 ms.
Invoked RoslynAnalysisRunner static constructor.
RoslynAnalysisRunner will not be running.
RoslynAnalysisRunner has terminated.
Mono: successfully reloaded assembly
- Completed reload, in  1.066 seconds
Platform modules already initialized, skipping
Refreshing native plugins compatible for Editor in 0.20 ms, found 0 plugins.
Preloading 0 native plugins for Editor in 0.00 ms.
Unloading 1103 Unused Serialized files (Serialized files now loaded: 0)
System memory in use before: 56.8 MB.
System memory in use after: 56.9 MB.

Unloading 5 unused Assets to reduce memory usage. Loaded Objects now: 1593.
Total: 1.950200 ms (FindLiveObjects: 0.176300 ms CreateObjectMapping: 0.036300 ms MarkObjects: 1.647600 ms  DeleteObjects: 0.088900 ms)

========================================================================
Received Prepare
Registering precompiled user dll's ...
Registered in 0.000757 seconds.
Begin MonoManager ReloadAssembly
Native extension for WindowsStandalone target not found
Native extension for WebGL target not found
Refreshing native plugins compatible for Editor in 0.20 ms, found 0 plugins.
Preloading 0 native plugins for Editor in 0.00 ms.
Invoked RoslynAnalysisRunner static constructor.
RoslynAnalysisRunner will not be running.
RoslynAnalysisRunner has terminated.
Mono: successfully reloaded assembly
- Completed reload, in  1.113 seconds
Platform modules already initialized, skipping
Refreshing native plugins compatible for Editor in 0.19 ms, found 0 plugins.
Preloading 0 native plugins for Editor in 0.00 ms.
Unloading 1103 Unused Serialized files (Serialized files now loaded: 0)
System memory in use before: 56.8 MB.
System memory in use after: 56.9 MB.

Unloading 5 unused Assets to reduce memory usage. Loaded Objects now: 1595.
Total: 1.972500 ms (FindLiveObjects: 0.161700 ms CreateObjectMapping: 0.048600 ms MarkObjects: 1.695300 ms  DeleteObjects: 0.065800 ms)

========================================================================
Received Prepare
Registering precompiled user dll's ...
Registered in 0.001016 seconds.
Begin MonoManager ReloadAssembly
Native extension for WindowsStandalone target not found
Native extension for WebGL target not found
Refreshing native plugins compatible for Editor in 0.22 ms, found 0 plugins.
Preloading 0 native plugins for Editor in 0.00 ms.
Invoked RoslynAnalysisRunner static constructor.
RoslynAnalysisRunner will not be running.
RoslynAnalysisRunner has terminated.
Mono: successfully reloaded assembly
- Completed reload, in  1.315 seconds
Platform modules already initialized, skipping
Refreshing native plugins compatible for Editor in 0.20 ms, found 0 plugins.
Preloading 0 native plugins for Editor in 0.00 ms.
Unloading 1103 Unused Serialized files (Serialized files now loaded: 0)
System memory in use before: 56.9 MB.
System memory in use after: 57.0 MB.

Unloading 5 unused Assets to reduce memory usage. Loaded Objects now: 1597.
Total: 3.303600 ms (FindLiveObjects: 0.297100 ms CreateObjectMapping: 0.058900 ms MarkObjects: 2.848200 ms  DeleteObjects: 0.097300 ms)

========================================================================
Received Prepare
Registering precompiled user dll's ...
Registered in 0.001242 seconds.
Begin MonoManager ReloadAssembly
Native extension for WindowsStandalone target not found
Native extension for WebGL target not found
Refreshing native plugins compatible for Editor in 0.43 ms, found 0 plugins.
Preloading 0 native plugins for Editor in 0.00 ms.
Invoked RoslynAnalysisRunner static constructor.
RoslynAnalysisRunner will not be running.
RoslynAnalysisRunner has terminated.
Mono: successfully reloaded assembly
- Completed reload, in  0.879 seconds
Platform modules already initialized, skipping
Refreshing native plugins compatible for Editor in 0.19 ms, found 0 plugins.
Preloading 0 native plugins for Editor in 0.00 ms.
Unloading 1103 Unused Serialized files (Serialized files now loaded: 0)
System memory in use before: 56.9 MB.
System memory in use after: 57.0 MB.

Unloading 5 unused Assets to reduce memory usage. Loaded Objects now: 1599.
Total: 1.897400 ms (FindLiveObjects: 0.156400 ms CreateObjectMapping: 0.045300 ms MarkObjects: 1.586300 ms  DeleteObjects: 0.107400 ms)

========================================================================
Received Prepare
Registering precompiled user dll's ...
Registered in 0.000843 seconds.
Begin MonoManager ReloadAssembly
Native extension for WindowsStandalone target not found
Native extension for WebGL target not found
Refreshing native plugins compatible for Editor in 0.21 ms, found 0 plugins.
Preloading 0 native plugins for Editor in 0.00 ms.
Invoked RoslynAnalysisRunner static constructor.
RoslynAnalysisRunner will not be running.
RoslynAnalysisRunner has terminated.
Mono: successfully reloaded assembly
- Completed reload, in  0.983 seconds
Platform modules already initialized, skipping
Refreshing native plugins compatible for Editor in 0.21 ms, found 0 plugins.
Preloading 0 native plugins for Editor in 0.00 ms.
Unloading 1102 Unused Serialized files (Serialized files now loaded: 0)
System memory in use before: 56.9 MB.
System memory in use after: 56.9 MB.

Unloading 6 unused Assets to reduce memory usage. Loaded Objects now: 1600.
Total: 1.888200 ms (FindLiveObjects: 0.240800 ms CreateObjectMapping: 0.039000 ms MarkObjects: 1.512700 ms  DeleteObjects: 0.094400 ms)

========================================================================
Received Import Request.
  Time since last request: 2196.442722 seconds.
  path: Assets/Scripts/Exotic.cs
  artifactKey: Guid(7a31a348bb1ddce40a57d540aa8e2a40) Importer(815301076,1909f56bfc062723c751e8b465ee728b)
Start importing Assets/Scripts/Exotic.cs using Guid(7a31a348bb1ddce40a57d540aa8e2a40) Importer(815301076,1909f56bfc062723c751e8b465ee728b)  -> (artifact id: 'f49506b29e9d1a435de6d5ce2c2ff4a6') in 0.007588 seconds
  Import took 0.009814 seconds .

========================================================================
Received Import Request.
  Time since last request: 0.002312 seconds.
  path: Assets/Scripts/Exotic.cs
  artifactKey: Guid(7a31a348bb1ddce40a57d540aa8e2a40) Importer(815301076,1909f56bfc062723c751e8b465ee728b)
Start importing Assets/Scripts/Exotic.cs using Guid(7a31a348bb1ddce40a57d540aa8e2a40) Importer(815301076,1909f56bfc062723c751e8b465ee728b)  -> (artifact id: 'f49506b29e9d1a435de6d5ce2c2ff4a6') in 0.006185 seconds
  Import took 0.009001 seconds .

========================================================================
Received Import Request.
  Time since last request: 1.457611 seconds.
  path: Assets/Scripts/Vehicles.cs
  artifactKey: Guid(089b7a796a3fa16478006c081e77eacb) Importer(815301076,1909f56bfc062723c751e8b465ee728b)
Start importing Assets/Scripts/Vehicles.cs using Guid(089b7a796a3fa16478006c081e77eacb) Importer(815301076,1909f56bfc062723c751e8b465ee728b)  -> (artifact id: 'a82f333497b28455b24cb9d0cfefed01') in 0.005475 seconds
  Import took 0.007625 seconds .

========================================================================
Received Import Request.
  Time since last request: 0.000936 seconds.
  path: Assets/Scripts/Vehicles.cs
  artifactKey: Guid(089b7a796a3fa16478006c081e77eacb) Importer(815301076,1909f56bfc062723c751e8b465ee728b)
Start importing Assets/Scripts/Vehicles.cs using Guid(089b7a796a3fa16478006c081e77eacb) Importer(815301076,1909f56bfc062723c751e8b465ee728b)  -> (artifact id: 'a82f333497b28455b24cb9d0cfefed01') in 0.005727 seconds
  Import took 0.007866 seconds .

========================================================================
Received Prepare
Registering precompiled user dll's ...
Registered in 0.000793 seconds.
Begin MonoManager ReloadAssembly
Native extension for WindowsStandalone target not found
Native extension for WebGL target not found
Refreshing native plugins compatible for Editor in 0.20 ms, found 0 plugins.
Preloading 0 native plugins for Editor in 0.00 ms.
Invoked RoslynAnalysisRunner static constructor.
RoslynAnalysisRunner will not be running.
RoslynAnalysisRunner has terminated.
Mono: successfully reloaded assembly
- Completed reload, in  0.914 seconds
Platform modules already initialized, skipping
Refreshing native plugins compatible for Editor in 0.19 ms, found 0 plugins.
Preloading 0 native plugins for Editor in 0.00 ms.
Unloading 1094 Unused Serialized files (Serialized files now loaded: 0)
System memory in use before: 56.7 MB.
System memory in use after: 56.8 MB.

Unloading 13 unused Assets to reduce memory usage. Loaded Objects now: 1594.
Total: 1.989200 ms (FindLiveObjects: 0.154500 ms CreateObjectMapping: 0.047300 ms MarkObjects: 1.731900 ms  DeleteObjects: 0.054500 ms)

========================================================================
Received Import Request.
  Time since last request: 18.740792 seconds.
  path: Assets/Scripts/New Folder
  artifactKey: Guid(fb41a203236131f4a9787ba60dfec574) Importer(815301076,1909f56bfc062723c751e8b465ee728b)
Start importing Assets/Scripts/New Folder using Guid(fb41a203236131f4a9787ba60dfec574) Importer(815301076,1909f56bfc062723c751e8b465ee728b)  -> (artifact id: '4f78022e7b03f1e64d03b080b0ab2b70') in 0.010046 seconds
  Import took 0.014571 seconds .

========================================================================
Received Prepare
Registering precompiled user dll's ...
Registered in 0.000785 seconds.
Begin MonoManager ReloadAssembly
Native extension for WindowsStandalone target not found
Native extension for WebGL target not found
Refreshing native plugins compatible for Editor in 0.32 ms, found 0 plugins.
Preloading 0 native plugins for Editor in 0.00 ms.
Invoked RoslynAnalysisRunner static constructor.
RoslynAnalysisRunner will not be running.
RoslynAnalysisRunner has terminated.
Mono: successfully reloaded assembly
- Completed reload, in  0.969 seconds
Platform modules already initialized, skipping
Refreshing native plugins compatible for Editor in 0.21 ms, found 0 plugins.
Preloading 0 native plugins for Editor in 0.00 ms.
Unloading 1095 Unused Serialized files (Serialized files now loaded: 0)
System memory in use before: 56.7 MB.
System memory in use after: 56.8 MB.

Unloading 5 unused Assets to reduce memory usage. Loaded Objects now: 1597.
Total: 2.843800 ms (FindLiveObjects: 0.281500 ms CreateObjectMapping: 0.090800 ms MarkObjects: 2.399200 ms  DeleteObjects: 0.070100 ms)

========================================================================
Received Import Request.
  Time since last request: 17.969424 seconds.
  path: Assets/Scripts/NewBehaviourScript.cs
  artifactKey: Guid(888c352e846b1c5488ec08b9afe03b9b) Importer(815301076,1909f56bfc062723c751e8b465ee728b)
Start importing Assets/Scripts/NewBehaviourScript.cs using Guid(888c352e846b1c5488ec08b9afe03b9b) Importer(815301076,1909f56bfc062723c751e8b465ee728b)  -> (artifact id: 'c98234c5d5539ad855321f4a3321161c') in 0.007155 seconds
  Import took 0.009256 seconds .

========================================================================
Received Import Request.
  Time since last request: 3845.645030 seconds.
  path: Assets/Scripts/Entity.cs
  artifactKey: Guid(888c352e846b1c5488ec08b9afe03b9b) Importer(815301076,1909f56bfc062723c751e8b465ee728b)
Start importing Assets/Scripts/Entity.cs using Guid(888c352e846b1c5488ec08b9afe03b9b) Importer(815301076,1909f56bfc062723c751e8b465ee728b)  -> (artifact id: 'fded338ddd9f20373499b4198519472b') in 0.008281 seconds
  Import took 0.011294 seconds .

========================================================================
Received Import Request.
  Time since last request: 0.003540 seconds.
  path: Assets/Scripts/Entity.cs
  artifactKey: Guid(888c352e846b1c5488ec08b9afe03b9b) Importer(815301076,1909f56bfc062723c751e8b465ee728b)
Start importing Assets/Scripts/Entity.cs using Guid(888c352e846b1c5488ec08b9afe03b9b) Importer(815301076,1909f56bfc062723c751e8b465ee728b)  -> (artifact id: 'fded338ddd9f20373499b4198519472b') in 0.007685 seconds
  Import took 0.011591 seconds .

========================================================================
Received Prepare
Registering precompiled user dll's ...
Registered in 0.000846 seconds.
Begin MonoManager ReloadAssembly
Native extension for WindowsStandalone target not found
Native extension for WebGL target not found
Refreshing native plugins compatible for Editor in 0.19 ms, found 0 plugins.
Preloading 0 native plugins for Editor in 0.00 ms.
Invoked RoslynAnalysisRunner static constructor.
RoslynAnalysisRunner will not be running.
RoslynAnalysisRunner has terminated.
Mono: successfully reloaded assembly
- Completed reload, in  0.923 seconds
Platform modules already initialized, skipping
Refreshing native plugins compatible for Editor in 0.40 ms, found 0 plugins.
Preloading 0 native plugins for Editor in 0.00 ms.
Unloading 1100 Unused Serialized files (Serialized files now loaded: 0)
System memory in use before: 56.8 MB.
System memory in use after: 56.9 MB.

Unloading 5 unused Assets to reduce memory usage. Loaded Objects now: 1604.
Total: 2.620300 ms (FindLiveObjects: 0.251700 ms CreateObjectMapping: 0.073200 ms MarkObjects: 2.235900 ms  DeleteObjects: 0.058300 ms)

========================================================================
Received Import Request.
  Time since last request: 257.013459 seconds.
  path: ProjectSettings/TagManager.asset
  artifactKey: Guid(00000000000000003000000000000000) Importer(815301076,1909f56bfc062723c751e8b465ee728b)
Start importing ProjectSettings/TagManager.asset using Guid(00000000000000003000000000000000) Importer(815301076,1909f56bfc062723c751e8b465ee728b)  -> (artifact id: '3feff5fae10247456117a9ccebeb351d') in 0.024120 seconds
  Import took 0.027006 seconds .

========================================================================
Received Import Request.
  Time since last request: 11.915928 seconds.
  path: Assets/Scripts/SimpleEntityFactory.cs
  artifactKey: Guid(16a0f2b06be750b4691a8f7f1f1bb83e) Importer(815301076,1909f56bfc062723c751e8b465ee728b)
Start importing Assets/Scripts/SimpleEntityFactory.cs using Guid(16a0f2b06be750b4691a8f7f1f1bb83e) Importer(815301076,1909f56bfc062723c751e8b465ee728b)  -> (artifact id: '26b3d5997d87a0873456098ab9f88e79') in 0.006530 seconds
  Import took 0.008826 seconds .

========================================================================
Received Import Request.
  Time since last request: 1.377909 seconds.
  path: Assets/Scripts/MouseClick.cs
  artifactKey: Guid(1f8b5b1044bf759429846a7e91711a3c) Importer(815301076,1909f56bfc062723c751e8b465ee728b)
Start importing Assets/Scripts/MouseClick.cs using Guid(1f8b5b1044bf759429846a7e91711a3c) Importer(815301076,1909f56bfc062723c751e8b465ee728b)  -> (artifact id: '5b8e0f5d6457e68fc95fbcdb0678466d') in 0.007052 seconds
  Import took 0.009543 seconds .

========================================================================
Received Prepare
Registering precompiled user dll's ...
Registered in 0.000851 seconds.
Begin MonoManager ReloadAssembly
Native extension for WindowsStandalone target not found
Native extension for WebGL target not found
Refreshing native plugins compatible for Editor in 0.22 ms, found 0 plugins.
Preloading 0 native plugins for Editor in 0.00 ms.
Invoked RoslynAnalysisRunner static constructor.
RoslynAnalysisRunner will not be running.
RoslynAnalysisRunner has terminated.
Mono: successfully reloaded assembly
- Completed reload, in  0.899 seconds
Platform modules already initialized, skipping
Refreshing native plugins compatible for Editor in 0.28 ms, found 0 plugins.
Preloading 0 native plugins for Editor in 0.00 ms.
Unloading 1100 Unused Serialized files (Serialized files now loaded: 0)
System memory in use before: 56.9 MB.
System memory in use after: 56.9 MB.

Unloading 6 unused Assets to reduce memory usage. Loaded Objects now: 1606.
Total: 2.167400 ms (FindLiveObjects: 0.138500 ms CreateObjectMapping: 0.039800 ms MarkObjects: 1.888600 ms  DeleteObjects: 0.099100 ms)

========================================================================
Received Import Request.
  Time since last request: 27.367271 seconds.
  path: Assets/Scripts/MouseClick.cs
  artifactKey: Guid(1f8b5b1044bf759429846a7e91711a3c) Importer(815301076,1909f56bfc062723c751e8b465ee728b)
Start importing Assets/Scripts/MouseClick.cs using Guid(1f8b5b1044bf759429846a7e91711a3c) Importer(815301076,1909f56bfc062723c751e8b465ee728b)  -> (artifact id: '4a64461b5906d13cea78a1080cb733b0') in 0.005768 seconds
  Import took 0.007904 seconds .

========================================================================
Received Import Request.
  Time since last request: 524.366968 seconds.
  path: Assets/Scripts/SimpleEntityFactory.prefab
  artifactKey: Guid(bff18c381b0e87d4880492d9037fc546) Importer(815301076,1909f56bfc062723c751e8b465ee728b)
Start importing Assets/Scripts/SimpleEntityFactory.prefab using Guid(bff18c381b0e87d4880492d9037fc546) Importer(815301076,1909f56bfc062723c751e8b465ee728b)  -> (artifact id: '7d0c2508a0fc601e6d4cf10facc7b353') in 0.044006 seconds
  Import took 0.047926 seconds .

========================================================================
Received Import Request.
  Time since last request: 0.001513 seconds.
  path: Assets/Scripts/SimpleEntityFactory.prefab
  artifactKey: Guid(bff18c381b0e87d4880492d9037fc546) Importer(815301076,1909f56bfc062723c751e8b465ee728b)
Start importing Assets/Scripts/SimpleEntityFactory.prefab using Guid(bff18c381b0e87d4880492d9037fc546) Importer(815301076,1909f56bfc062723c751e8b465ee728b)  -> (artifact id: '7d0c2508a0fc601e6d4cf10facc7b353') in 0.010139 seconds
  Import took 0.012955 seconds .

========================================================================
Received Import Request.
  Time since last request: 279.247267 seconds.
  path: Assets/MonsterCardMat.mat
  artifactKey: Guid(b90653635970e034093231466038675d) Importer(815301076,1909f56bfc062723c751e8b465ee728b)
Start importing Assets/MonsterCardMat.mat using Guid(b90653635970e034093231466038675d) Importer(815301076,1909f56bfc062723c751e8b465ee728b)  -> (artifact id: 'bb76fb6748dba348676def0645e559c8') in 0.116961 seconds
  Import took 0.120744 seconds .

========================================================================
Received Import Request.
  Time since last request: 91.863746 seconds.
  path: Assets/Prefabs
  artifactKey: Guid(9c99665e367b6304d9fbb6700bd779fc) Importer(815301076,1909f56bfc062723c751e8b465ee728b)
Start importing Assets/Prefabs using Guid(9c99665e367b6304d9fbb6700bd779fc) Importer(815301076,1909f56bfc062723c751e8b465ee728b)  -> (artifact id: '528f087c55095ea1a215421028a368aa') in 0.012998 seconds
  Import took 0.016310 seconds .

========================================================================
Received Import Request.
  Time since last request: 15.808932 seconds.
  path: Assets/Prefabs/MonsterCard.prefab
  artifactKey: Guid(0295ef26207244847a48c84e81d384be) Importer(815301076,1909f56bfc062723c751e8b465ee728b)
Start importing Assets/Prefabs/MonsterCard.prefab using Guid(0295ef26207244847a48c84e81d384be) Importer(815301076,1909f56bfc062723c751e8b465ee728b)  -> (artifact id: '575214352682590627419a92f27fef39') in 0.032526 seconds
  Import took 0.035940 seconds .

========================================================================
Received Import Request.
  Time since last request: 0.000771 seconds.
  path: Assets/Prefabs/MonsterCard.prefab
  artifactKey: Guid(0295ef26207244847a48c84e81d384be) Importer(815301076,1909f56bfc062723c751e8b465ee728b)
Start importing Assets/Prefabs/MonsterCard.prefab using Guid(0295ef26207244847a48c84e81d384be) Importer(815301076,1909f56bfc062723c751e8b465ee728b)  -> (artifact id: '575214352682590627419a92f27fef39') in 0.014574 seconds
  Import took 0.018046 seconds .

========================================================================
Received Import Request.
  Time since last request: 121.632025 seconds.
  path: Assets/Materials
  artifactKey: Guid(6f3c70128bd42f74ea94165f615322e2) Importer(815301076,1909f56bfc062723c751e8b465ee728b)
Start importing Assets/Materials using Guid(6f3c70128bd42f74ea94165f615322e2) Importer(815301076,1909f56bfc062723c751e8b465ee728b)  -> (artifact id: 'dea03f94009a6c32310c7ef4d4755eef') in 0.012289 seconds
  Import took 0.016507 seconds .

========================================================================
Received Import Request.
  Time since last request: 14.391319 seconds.
  path: Assets/Materials/SpellCardMat.mat
  artifactKey: Guid(8c2c5106fc54ae042830c304dfd4c0ed) Importer(815301076,1909f56bfc062723c751e8b465ee728b)
Start importing Assets/Materials/SpellCardMat.mat using Guid(8c2c5106fc54ae042830c304dfd4c0ed) Importer(815301076,1909f56bfc062723c751e8b465ee728b)  -> (artifact id: 'e5f38d3480f8cb18cc53c943965dbba1') in 0.024275 seconds
  Import took 0.027283 seconds .

========================================================================
Received Import Request.
  Time since last request: 39.708076 seconds.
  path: Assets/Materials/SpecialCardMat.mat
  artifactKey: Guid(8388aed9080cb4a4798863c92c10e2af) Importer(815301076,1909f56bfc062723c751e8b465ee728b)
Start importing Assets/Materials/SpecialCardMat.mat using Guid(8388aed9080cb4a4798863c92c10e2af) Importer(815301076,1909f56bfc062723c751e8b465ee728b)  -> (artifact id: '252b276a9de36c4850a1832511f4a996') in 0.019801 seconds
  Import took 0.024742 seconds .

========================================================================
Received Import Request.
  Time since last request: 21.202161 seconds.
  path: Assets/Prefabs/Special Card.prefab
  artifactKey: Guid(2329ec347a2812644833eaf40bebe768) Importer(815301076,1909f56bfc062723c751e8b465ee728b)
Start importing Assets/Prefabs/Special Card.prefab using Guid(2329ec347a2812644833eaf40bebe768) Importer(815301076,1909f56bfc062723c751e8b465ee728b)  -> (artifact id: '7900ff90ef844358cc5ff8b7cc0e9efc') in 0.022595 seconds
  Import took 0.026843 seconds .

========================================================================
Received Import Request.
  Time since last request: 0.004427 seconds.
  path: Assets/Prefabs/Special Card.prefab
  artifactKey: Guid(2329ec347a2812644833eaf40bebe768) Importer(815301076,1909f56bfc062723c751e8b465ee728b)
Start importing Assets/Prefabs/Special Card.prefab using Guid(2329ec347a2812644833eaf40bebe768) Importer(815301076,1909f56bfc062723c751e8b465ee728b)  -> (artifact id: '7900ff90ef844358cc5ff8b7cc0e9efc') in 0.012890 seconds
  Import took 0.015584 seconds .

========================================================================
Received Import Request.
  Time since last request: 2.575709 seconds.
  path: Assets/Prefabs/SpellCard.prefab
  artifactKey: Guid(55d777c3a0634aa4aa8926d5861f5a06) Importer(815301076,1909f56bfc062723c751e8b465ee728b)
Start importing Assets/Prefabs/SpellCard.prefab using Guid(55d777c3a0634aa4aa8926d5861f5a06) Importer(815301076,1909f56bfc062723c751e8b465ee728b)  -> (artifact id: 'b583f87fd291714073bd7374b8523f37') in 0.017569 seconds
  Import took 0.021493 seconds .

========================================================================
Received Import Request.
  Time since last request: 0.009279 seconds.
  path: Assets/Prefabs/SpellCard.prefab
  artifactKey: Guid(55d777c3a0634aa4aa8926d5861f5a06) Importer(815301076,1909f56bfc062723c751e8b465ee728b)
Start importing Assets/Prefabs/SpellCard.prefab using Guid(55d777c3a0634aa4aa8926d5861f5a06) Importer(815301076,1909f56bfc062723c751e8b465ee728b)  -> (artifact id: 'b583f87fd291714073bd7374b8523f37') in 0.012476 seconds
  Import took 0.016006 seconds .

========================================================================
Received Prepare
Registering precompiled user dll's ...
Registered in 0.000863 seconds.
Begin MonoManager ReloadAssembly
Native extension for WindowsStandalone target not found
Native extension for WebGL target not found
Refreshing native plugins compatible for Editor in 0.60 ms, found 0 plugins.
Preloading 0 native plugins for Editor in 0.00 ms.
Invoked RoslynAnalysisRunner static constructor.
RoslynAnalysisRunner will not be running.
RoslynAnalysisRunner has terminated.
Mono: successfully reloaded assembly
- Completed reload, in  0.978 seconds
Platform modules already initialized, skipping
Refreshing native plugins compatible for Editor in 0.21 ms, found 0 plugins.
Preloading 0 native plugins for Editor in 0.00 ms.
Unloading 1100 Unused Serialized files (Serialized files now loaded: 0)
System memory in use before: 60.2 MB.
System memory in use after: 60.3 MB.

Unloading 5 unused Assets to reduce memory usage. Loaded Objects now: 1649.
Total: 2.418400 ms (FindLiveObjects: 0.246900 ms CreateObjectMapping: 0.078300 ms MarkObjects: 1.985900 ms  DeleteObjects: 0.105800 ms)

========================================================================
Received Prepare
Registering precompiled user dll's ...
Registered in 0.000978 seconds.
Begin MonoManager ReloadAssembly
Native extension for WindowsStandalone target not found
Native extension for WebGL target not found
Refreshing native plugins compatible for Editor in 0.27 ms, found 0 plugins.
Preloading 0 native plugins for Editor in 0.00 ms.
Invoked RoslynAnalysisRunner static constructor.
RoslynAnalysisRunner will not be running.
RoslynAnalysisRunner has terminated.
Mono: successfully reloaded assembly
- Completed reload, in  1.126 seconds
Platform modules already initialized, skipping
Refreshing native plugins compatible for Editor in 0.35 ms, found 0 plugins.
Preloading 0 native plugins for Editor in 0.00 ms.
Unloading 1100 Unused Serialized files (Serialized files now loaded: 0)
System memory in use before: 60.3 MB.
System memory in use after: 60.3 MB.

Unloading 5 unused Assets to reduce memory usage. Loaded Objects now: 1651.
Total: 2.893500 ms (FindLiveObjects: 0.270500 ms CreateObjectMapping: 0.066000 ms MarkObjects: 2.505800 ms  DeleteObjects: 0.049300 ms)

========================================================================
Received Prepare
Registering precompiled user dll's ...
Registered in 0.000873 seconds.
Begin MonoManager ReloadAssembly
Native extension for WindowsStandalone target not found
Native extension for WebGL target not found
Refreshing native plugins compatible for Editor in 0.20 ms, found 0 plugins.
Preloading 0 native plugins for Editor in 0.00 ms.
Invoked RoslynAnalysisRunner static constructor.
RoslynAnalysisRunner will not be running.
RoslynAnalysisRunner has terminated.
Mono: successfully reloaded assembly
- Completed reload, in  0.955 seconds
Platform modules already initialized, skipping
Refreshing native plugins compatible for Editor in 0.20 ms, found 0 plugins.
Preloading 0 native plugins for Editor in 0.00 ms.
Unloading 1100 Unused Serialized files (Serialized files now loaded: 0)
System memory in use before: 60.3 MB.
System memory in use after: 60.3 MB.

Unloading 5 unused Assets to reduce memory usage. Loaded Objects now: 1653.
Total: 2.300100 ms (FindLiveObjects: 0.588100 ms CreateObjectMapping: 0.065200 ms MarkObjects: 1.544700 ms  DeleteObjects: 0.101100 ms)

========================================================================
Received Prepare
Registering precompiled user dll's ...
Registered in 0.001135 seconds.
Begin MonoManager ReloadAssembly
Native extension for WindowsStandalone target not found
Native extension for WebGL target not found
Refreshing native plugins compatible for Editor in 0.19 ms, found 0 plugins.
Preloading 0 native plugins for Editor in 0.00 ms.
Invoked RoslynAnalysisRunner static constructor.
RoslynAnalysisRunner will not be running.
RoslynAnalysisRunner has terminated.
Mono: successfully reloaded assembly
- Completed reload, in  0.866 seconds
Platform modules already initialized, skipping
Refreshing native plugins compatible for Editor in 0.23 ms, found 0 plugins.
Preloading 0 native plugins for Editor in 0.00 ms.
Unloading 1100 Unused Serialized files (Serialized files now loaded: 0)
System memory in use before: 60.3 MB.
System memory in use after: 60.3 MB.

Unloading 5 unused Assets to reduce memory usage. Loaded Objects now: 1655.
Total: 2.062500 ms (FindLiveObjects: 0.144100 ms CreateObjectMapping: 0.038900 ms MarkObjects: 1.783400 ms  DeleteObjects: 0.094100 ms)

========================================================================
Received Prepare
Registering precompiled user dll's ...
Registered in 0.001345 seconds.
Begin MonoManager ReloadAssembly
Native extension for WindowsStandalone target not found
Native extension for WebGL target not found
Refreshing native plugins compatible for Editor in 0.20 ms, found 0 plugins.
Preloading 0 native plugins for Editor in 0.00 ms.
Invoked RoslynAnalysisRunner static constructor.
RoslynAnalysisRunner will not be running.
RoslynAnalysisRunner has terminated.
Mono: successfully reloaded assembly
- Completed reload, in  0.877 seconds
Platform modules already initialized, skipping
Refreshing native plugins compatible for Editor in 0.20 ms, found 0 plugins.
Preloading 0 native plugins for Editor in 0.00 ms.
Unloading 1100 Unused Serialized files (Serialized files now loaded: 0)
System memory in use before: 60.3 MB.
System memory in use after: 60.3 MB.

Unloading 5 unused Assets to reduce memory usage. Loaded Objects now: 1657.
Total: 2.217700 ms (FindLiveObjects: 0.265200 ms CreateObjectMapping: 0.116200 ms MarkObjects: 1.739600 ms  DeleteObjects: 0.095100 ms)

========================================================================
Received Import Request.
  Time since last request: 538.828319 seconds.
  path: Assets/Scripts/Monster.cs
  artifactKey: Guid(9a1d1cb0a7fe83c4d8fcf1965a04280c) Importer(815301076,1909f56bfc062723c751e8b465ee728b)
Start importing Assets/Scripts/Monster.cs using Guid(9a1d1cb0a7fe83c4d8fcf1965a04280c) Importer(815301076,1909f56bfc062723c751e8b465ee728b)  -> (artifact id: '84d3e5731f29a305aaab33919d87f0eb') in 0.010519 seconds
  Import took 0.013491 seconds .

========================================================================
Received Prepare
Registering precompiled user dll's ...
Registered in 0.001185 seconds.
Begin MonoManager ReloadAssembly
Native extension for WindowsStandalone target not found
Native extension for WebGL target not found
Refreshing native plugins compatible for Editor in 0.25 ms, found 0 plugins.
Preloading 0 native plugins for Editor in 0.00 ms.
Invoked RoslynAnalysisRunner static constructor.
RoslynAnalysisRunner will not be running.
RoslynAnalysisRunner has terminated.
Mono: successfully reloaded assembly
- Completed reload, in  0.925 seconds
Platform modules already initialized, skipping
Refreshing native plugins compatible for Editor in 0.52 ms, found 0 plugins.
Preloading 0 native plugins for Editor in 0.00 ms.
Unloading 1100 Unused Serialized files (Serialized files now loaded: 0)
System memory in use before: 60.3 MB.
System memory in use after: 60.4 MB.

Unloading 5 unused Assets to reduce memory usage. Loaded Objects now: 1659.
Total: 2.032600 ms (FindLiveObjects: 0.187300 ms CreateObjectMapping: 0.043000 ms MarkObjects: 1.707600 ms  DeleteObjects: 0.093400 ms)

========================================================================
Received Import Request.
  Time since last request: 183.479059 seconds.
  path: Assets/Scripts/SimpleEntityFactory.cs
  artifactKey: Guid(16a0f2b06be750b4691a8f7f1f1bb83e) Importer(815301076,1909f56bfc062723c751e8b465ee728b)
Start importing Assets/Scripts/SimpleEntityFactory.cs using Guid(16a0f2b06be750b4691a8f7f1f1bb83e) Importer(815301076,1909f56bfc062723c751e8b465ee728b)  -> (artifact id: 'f5f98008f4be0389b11cb4c7cf44e675') in 0.006761 seconds
  Import took 0.009427 seconds .

========================================================================
Received Import Request.
  Time since last request: 0.002079 seconds.
  path: Assets/Scripts/SimpleEntityFactory.cs
  artifactKey: Guid(16a0f2b06be750b4691a8f7f1f1bb83e) Importer(815301076,1909f56bfc062723c751e8b465ee728b)
Start importing Assets/Scripts/SimpleEntityFactory.cs using Guid(16a0f2b06be750b4691a8f7f1f1bb83e) Importer(815301076,1909f56bfc062723c751e8b465ee728b)  -> (artifact id: 'f5f98008f4be0389b11cb4c7cf44e675') in 0.006843 seconds
  Import took 0.009647 seconds .

========================================================================
Received Import Request.
  Time since last request: 30.424437 seconds.
  path: Assets/Scripts/Special.cs
  artifactKey: Guid(12a45b74ead5a3c4e9dcd8ea1c1eb477) Importer(815301076,1909f56bfc062723c751e8b465ee728b)
Start importing Assets/Scripts/Special.cs using Guid(12a45b74ead5a3c4e9dcd8ea1c1eb477) Importer(815301076,1909f56bfc062723c751e8b465ee728b)  -> (artifact id: '6c255aef89950f1e1d1d073c86fdd938') in 0.008181 seconds
  Import took 0.011017 seconds .

========================================================================
Received Import Request.
  Time since last request: 4.963931 seconds.
  path: Assets/Scripts/Spell.cs
  artifactKey: Guid(cf926a6a0c26363449184383ac6b3160) Importer(815301076,1909f56bfc062723c751e8b465ee728b)
Start importing Assets/Scripts/Spell.cs using Guid(cf926a6a0c26363449184383ac6b3160) Importer(815301076,1909f56bfc062723c751e8b465ee728b)  -> (artifact id: '117c767b38656e07a3bfdd43e77a6183') in 0.007522 seconds
  Import took 0.009879 seconds .

========================================================================
Received Import Request.
  Time since last request: 158.690767 seconds.
  path: Assets/Scripts/MouseClick.cs
  artifactKey: Guid(1f8b5b1044bf759429846a7e91711a3c) Importer(815301076,1909f56bfc062723c751e8b465ee728b)
Start importing Assets/Scripts/MouseClick.cs using Guid(1f8b5b1044bf759429846a7e91711a3c) Importer(815301076,1909f56bfc062723c751e8b465ee728b)  -> (artifact id: 'f78addd6a6523b85cfa5f139ae65c8ef') in 0.004374 seconds
  Import took 0.006830 seconds .

========================================================================
Received Import Request.
  Time since last request: 0.001068 seconds.
  path: Assets/Scripts/MouseClick.cs
  artifactKey: Guid(1f8b5b1044bf759429846a7e91711a3c) Importer(815301076,1909f56bfc062723c751e8b465ee728b)
Start importing Assets/Scripts/MouseClick.cs using Guid(1f8b5b1044bf759429846a7e91711a3c) Importer(815301076,1909f56bfc062723c751e8b465ee728b)  -> (artifact id: 'f78addd6a6523b85cfa5f139ae65c8ef') in 0.005098 seconds
  Import took 0.007465 seconds .

========================================================================
Received Prepare
Registering precompiled user dll's ...
Registered in 0.000884 seconds.
Begin MonoManager ReloadAssembly
Native extension for WindowsStandalone target not found
Native extension for WebGL target not found
Refreshing native plugins compatible for Editor in 0.68 ms, found 0 plugins.
Preloading 0 native plugins for Editor in 0.00 ms.
Invoked RoslynAnalysisRunner static constructor.
RoslynAnalysisRunner will not be running.
RoslynAnalysisRunner has terminated.
Mono: successfully reloaded assembly
- Completed reload, in  1.001 seconds
Platform modules already initialized, skipping
Refreshing native plugins compatible for Editor in 0.21 ms, found 0 plugins.
Preloading 0 native plugins for Editor in 0.00 ms.
Unloading 1100 Unused Serialized files (Serialized files now loaded: 0)
System memory in use before: 60.3 MB.
System memory in use after: 60.4 MB.

Unloading 5 unused Assets to reduce memory usage. Loaded Objects now: 1661.
Total: 2.076100 ms (FindLiveObjects: 0.214000 ms CreateObjectMapping: 0.058900 ms MarkObjects: 1.735400 ms  DeleteObjects: 0.066500 ms)

========================================================================
Received Prepare
Registering precompiled user dll's ...
Registered in 0.001197 seconds.
Begin MonoManager ReloadAssembly
Native extension for WindowsStandalone target not found
Native extension for WebGL target not found
Refreshing native plugins compatible for Editor in 0.31 ms, found 0 plugins.
Preloading 0 native plugins for Editor in 0.00 ms.
Invoked RoslynAnalysisRunner static constructor.
RoslynAnalysisRunner will not be running.
RoslynAnalysisRunner has terminated.
Mono: successfully reloaded assembly
- Completed reload, in  0.969 seconds
Platform modules already initialized, skipping
Refreshing native plugins compatible for Editor in 0.24 ms, found 0 plugins.
Preloading 0 native plugins for Editor in 0.00 ms.
Unloading 1100 Unused Serialized files (Serialized files now loaded: 0)
System memory in use before: 60.3 MB.
System memory in use after: 60.4 MB.

Unloading 5 unused Assets to reduce memory usage. Loaded Objects now: 1663.
Total: 1.879600 ms (FindLiveObjects: 0.168000 ms CreateObjectMapping: 0.037400 ms MarkObjects: 1.565900 ms  DeleteObjects: 0.106800 ms)

========================================================================
Received Prepare
Registering precompiled user dll's ...
Registered in 0.000872 seconds.
Begin MonoManager ReloadAssembly
Native extension for WindowsStandalone target not found
Native extension for WebGL target not found
Refreshing native plugins compatible for Editor in 0.19 ms, found 0 plugins.
Preloading 0 native plugins for Editor in 0.00 ms.
Invoked RoslynAnalysisRunner static constructor.
RoslynAnalysisRunner will not be running.
RoslynAnalysisRunner has terminated.
Mono: successfully reloaded assembly
- Completed reload, in  0.891 seconds
Platform modules already initialized, skipping
Refreshing native plugins compatible for Editor in 0.20 ms, found 0 plugins.
Preloading 0 native plugins for Editor in 0.00 ms.
Unloading 1100 Unused Serialized files (Serialized files now loaded: 0)
System memory in use before: 60.3 MB.
System memory in use after: 60.4 MB.

Unloading 5 unused Assets to reduce memory usage. Loaded Objects now: 1665.
Total: 2.130500 ms (FindLiveObjects: 0.294900 ms CreateObjectMapping: 0.133700 ms MarkObjects: 1.605400 ms  DeleteObjects: 0.094800 ms)

========================================================================
Received Prepare
Registering precompiled user dll's ...
Registered in 0.001270 seconds.
Begin MonoManager ReloadAssembly
Native extension for WindowsStandalone target not found
Native extension for WebGL target not found
Refreshing native plugins compatible for Editor in 0.23 ms, found 0 plugins.
Preloading 0 native plugins for Editor in 0.00 ms.
Invoked RoslynAnalysisRunner static constructor.
RoslynAnalysisRunner will not be running.
RoslynAnalysisRunner has terminated.
Mono: successfully reloaded assembly
- Completed reload, in  0.977 seconds
Platform modules already initialized, skipping
Refreshing native plugins compatible for Editor in 0.19 ms, found 0 plugins.
Preloading 0 native plugins for Editor in 0.00 ms.
Unloading 1100 Unused Serialized files (Serialized files now loaded: 0)
System memory in use before: 60.3 MB.
System memory in use after: 60.4 MB.

Unloading 5 unused Assets to reduce memory usage. Loaded Objects now: 1667.
Total: 2.157100 ms (FindLiveObjects: 0.177000 ms CreateObjectMapping: 0.031100 ms MarkObjects: 1.842800 ms  DeleteObjects: 0.105100 ms)

========================================================================
Received Import Request.
  Time since last request: 266.499515 seconds.
  path: Assets/Materials/PlayerMatMaterial.mat
  artifactKey: Guid(03d2fe0cdc3bb954badc72dce9bca877) Importer(815301076,1909f56bfc062723c751e8b465ee728b)
Start importing Assets/Materials/PlayerMatMaterial.mat using Guid(03d2fe0cdc3bb954badc72dce9bca877) Importer(815301076,1909f56bfc062723c751e8b465ee728b)  -> (artifact id: '9f761dcbf22b8104fdc281388baef525') in 0.090112 seconds
  Import took 0.093504 seconds .

========================================================================
Received Prepare
Registering precompiled user dll's ...
Registered in 0.001517 seconds.
Begin MonoManager ReloadAssembly
Native extension for WindowsStandalone target not found
Native extension for WebGL target not found
Refreshing native plugins compatible for Editor in 0.25 ms, found 0 plugins.
Preloading 0 native plugins for Editor in 0.00 ms.
Invoked RoslynAnalysisRunner static constructor.
RoslynAnalysisRunner will not be running.
RoslynAnalysisRunner has terminated.
Mono: successfully reloaded assembly
- Completed reload, in  1.003 seconds
Platform modules already initialized, skipping
Refreshing native plugins compatible for Editor in 0.21 ms, found 0 plugins.
Preloading 0 native plugins for Editor in 0.00 ms.
Unloading 1100 Unused Serialized files (Serialized files now loaded: 0)
System memory in use before: 60.3 MB.
System memory in use after: 60.4 MB.

Unloading 5 unused Assets to reduce memory usage. Loaded Objects now: 1670.
Total: 1.818500 ms (FindLiveObjects: 0.215800 ms CreateObjectMapping: 0.058900 ms MarkObjects: 1.490900 ms  DeleteObjects: 0.051600 ms)

========================================================================
Received Prepare
Registering precompiled user dll's ...
Registered in 0.000876 seconds.
Begin MonoManager ReloadAssembly
Native extension for WindowsStandalone target not found
Native extension for WebGL target not found
Refreshing native plugins compatible for Editor in 0.22 ms, found 0 plugins.
Preloading 0 native plugins for Editor in 0.00 ms.
Invoked RoslynAnalysisRunner static constructor.
RoslynAnalysisRunner will not be running.
RoslynAnalysisRunner has terminated.
Mono: successfully reloaded assembly
- Completed reload, in  0.870 seconds
Platform modules already initialized, skipping
Refreshing native plugins compatible for Editor in 0.20 ms, found 0 plugins.
Preloading 0 native plugins for Editor in 0.00 ms.
Unloading 1100 Unused Serialized files (Serialized files now loaded: 0)
System memory in use before: 60.3 MB.
System memory in use after: 60.4 MB.

Unloading 5 unused Assets to reduce memory usage. Loaded Objects now: 1672.
Total: 1.741800 ms (FindLiveObjects: 0.206400 ms CreateObjectMapping: 0.054400 ms MarkObjects: 1.423900 ms  DeleteObjects: 0.056100 ms)

========================================================================
Received Prepare
Registering precompiled user dll's ...
Registered in 0.001230 seconds.
Begin MonoManager ReloadAssembly
Native extension for WindowsStandalone target not found
Native extension for WebGL target not found
Refreshing native plugins compatible for Editor in 0.19 ms, found 0 plugins.
Preloading 0 native plugins for Editor in 0.00 ms.
Invoked RoslynAnalysisRunner static constructor.
RoslynAnalysisRunner will not be running.
RoslynAnalysisRunner has terminated.
Mono: successfully reloaded assembly
- Completed reload, in  0.934 seconds
Platform modules already initialized, skipping
Refreshing native plugins compatible for Editor in 0.19 ms, found 0 plugins.
Preloading 0 native plugins for Editor in 0.00 ms.
Unloading 1100 Unused Serialized files (Serialized files now loaded: 0)
System memory in use before: 60.3 MB.
System memory in use after: 60.4 MB.

Unloading 5 unused Assets to reduce memory usage. Loaded Objects now: 1674.
Total: 2.326700 ms (FindLiveObjects: 0.451200 ms CreateObjectMapping: 0.084500 ms MarkObjects: 1.692800 ms  DeleteObjects: 0.096800 ms)

========================================================================
Received Prepare
Registering precompiled user dll's ...
Registered in 0.001149 seconds.
Begin MonoManager ReloadAssembly
Native extension for WindowsStandalone target not found
Native extension for WebGL target not found
Refreshing native plugins compatible for Editor in 0.30 ms, found 0 plugins.
Preloading 0 native plugins for Editor in 0.00 ms.
Invoked RoslynAnalysisRunner static constructor.
RoslynAnalysisRunner will not be running.
RoslynAnalysisRunner has terminated.
Mono: successfully reloaded assembly
- Completed reload, in  0.844 seconds
Platform modules already initialized, skipping
Refreshing native plugins compatible for Editor in 0.19 ms, found 0 plugins.
Preloading 0 native plugins for Editor in 0.00 ms.
Unloading 1100 Unused Serialized files (Serialized files now loaded: 0)
System memory in use before: 60.3 MB.
System memory in use after: 60.4 MB.

Unloading 5 unused Assets to reduce memory usage. Loaded Objects now: 1676.
Total: 2.032700 ms (FindLiveObjects: 0.258800 ms CreateObjectMapping: 0.044900 ms MarkObjects: 1.618600 ms  DeleteObjects: 0.107900 ms)

========================================================================
Received Import Request.
  Time since last request: 787.873217 seconds.
  path: Assets/Materials/PlayerMatMaterial.mat
  artifactKey: Guid(03d2fe0cdc3bb954badc72dce9bca877) Importer(815301076,1909f56bfc062723c751e8b465ee728b)
Start importing Assets/Materials/PlayerMatMaterial.mat using Guid(03d2fe0cdc3bb954badc72dce9bca877) Importer(815301076,1909f56bfc062723c751e8b465ee728b)  -> (artifact id: 'e73204d48684c323fd910522ac7e96b4') in 0.067865 seconds
  Import took 0.070580 seconds .

========================================================================
Received Import Request.
  Time since last request: 0.000429 seconds.
  path: Assets/Materials/SpecialCardMat.mat
  artifactKey: Guid(8388aed9080cb4a4798863c92c10e2af) Importer(815301076,1909f56bfc062723c751e8b465ee728b)
Start importing Assets/Materials/SpecialCardMat.mat using Guid(8388aed9080cb4a4798863c92c10e2af) Importer(815301076,1909f56bfc062723c751e8b465ee728b)  -> (artifact id: '47d7ad33ecce1901e52ccbabff05d3b7') in 0.015024 seconds
  Import took 0.017944 seconds .

========================================================================
Received Import Request.
  Time since last request: 0.000434 seconds.
  path: Assets/Materials/SpellCardMat.mat
  artifactKey: Guid(8c2c5106fc54ae042830c304dfd4c0ed) Importer(815301076,1909f56bfc062723c751e8b465ee728b)
Start importing Assets/Materials/SpellCardMat.mat using Guid(8c2c5106fc54ae042830c304dfd4c0ed) Importer(815301076,1909f56bfc062723c751e8b465ee728b)  -> (artifact id: 'dd83b746828454e6e3d269032330a7b4') in 0.017969 seconds
  Import took 0.021121 seconds .

========================================================================
Received Import Request.
  Time since last request: 0.001324 seconds.
  path: Assets/Materials/MonsterCardMat.mat
  artifactKey: Guid(b90653635970e034093231466038675d) Importer(815301076,1909f56bfc062723c751e8b465ee728b)
Start importing Assets/Materials/MonsterCardMat.mat using Guid(b90653635970e034093231466038675d) Importer(815301076,1909f56bfc062723c751e8b465ee728b)  -> (artifact id: '70a9d4b82cec20f2e8d6fd03749fa91d') in 0.026013 seconds
  Import took 0.029462 seconds .

AssetImportWorkerClient::OnTransportError - code=2 error=End of file
